<?xml version="1.0" encoding="UTF-8"?>
<!-- Generated by org.testng.reporters.JUnitReportReporter -->
<testsuite skipped="0" hostname="MSI" name="ExtentedRport.Report.myReport" tests="1" failures="0" timestamp="22 Sep 2022 06:35:20 GMT" time="6.943" errors="0">
  <testcase name="mainTest" time="6.943" classname="ExtentedRport.Report.myReport"/>
</testsuite> <!-- ExtentedRport.Report.myReport -->
